<?xml version="1.0" encoding="UTF-8"?>
<robot generator="Robot 7.0 (Python 3.12.3 on darwin)" generated="2024-04-24T14:55:20.067379" rpa="false" schemaversion="5">
<suite id="s1" name="Tests" source="/Users/nikolayhristov/PycharmProjects/robotTest/Tests">
<suite id="s1-s1" name="TestSuite" source="/Users/nikolayhristov/PycharmProjects/robotTest/Tests/TestSuite.robot">
<test id="s1-s1-t1" name="Does Socials Button Redirect To Facebook" line="30">
<kw name="Open Browser" owner="SeleniumLibrary">
<msg time="2024-04-24T14:55:20.128405" level="TRACE">Arguments: [ 'https://www.ggbg.bg/bg/' | 'chrome' ]</msg>
<msg time="2024-04-24T14:55:20.128471" level="INFO">Opening browser 'chrome' to base url 'https://www.ggbg.bg/bg/'.</msg>
<msg time="2024-04-24T14:55:20.128786" level="DEBUG">Selenium Manager binary found at: /Library/Frameworks/Python.framework/Versions/3.12/lib/python3.12/site-packages/selenium/webdriver/common/macos/selenium-manager</msg>
<msg time="2024-04-24T14:55:20.128832" level="DEBUG">Executing process: /Library/Frameworks/Python.framework/Versions/3.12/lib/python3.12/site-packages/selenium/webdriver/common/macos/selenium-manager --browser chrome --language-binding python --output json</msg>
<msg time="2024-04-24T14:55:20.170950" level="DEBUG">Driver path: /Users/nikolayhristov/.cache/selenium/chromedriver/mac-arm64/124.0.6367.78/chromedriver</msg>
<msg time="2024-04-24T14:55:20.171102" level="DEBUG">Browser path: /Applications/Google Chrome.app/Contents/MacOS/Google Chrome</msg>
<msg time="2024-04-24T14:55:20.171180" level="DEBUG">Using driver at: /Users/nikolayhristov/.cache/selenium/chromedriver/mac-arm64/124.0.6367.78/chromedriver</msg>
<msg time="2024-04-24T14:55:20.173257" level="DEBUG">Started executable: `/Users/nikolayhristov/.cache/selenium/chromedriver/mac-arm64/124.0.6367.78/chromedriver` in a child process with pid: 14898 using 0 to output -3</msg>
<msg time="2024-04-24T14:55:20.190012" level="DEBUG">POST http://localhost:63814/session {'capabilities': {'firstMatch': [{}], 'alwaysMatch': {'browserName': 'chrome', 'pageLoadStrategy': &lt;PageLoadStrategy.normal: 'normal'&gt;, 'browserVersion': None, 'goog:chromeOptions': {'extensions': [], 'binary': '/Applications/Google Chrome.app/Contents/MacOS/Google Chrome', 'args': []}}}}</msg>
<msg time="2024-04-24T14:55:20.190367" level="DEBUG">Starting new HTTP connection (1): localhost:63814</msg>
<msg time="2024-04-24T14:55:20.760903" level="DEBUG">http://localhost:63814 "POST /session HTTP/1.1" 200 0</msg>
<msg time="2024-04-24T14:55:20.760994" level="DEBUG">Remote response: status=200 | data={"value":{"capabilities":{"acceptInsecureCerts":false,"browserName":"chrome","browserVersion":"124.0.6367.62","chrome":{"chromedriverVersion":"124.0.6367.78 (a087f2dd364ddd58b9c016ef1bf563d2bc138711-refs/branch-heads/6367@{#954})","userDataDir":"/var/folders/z4/xj0v4tzs1y95pg7msnwvsslw0000gn/T/.org.chromium.Chromium.li92Co"},"fedcm:accounts":true,"goog:chromeOptions":{"debuggerAddress":"localhost:63823"},"networkConnectionEnabled":false,"pageLoadStrategy":"normal","platformName":"mac","proxy":{},"setWindowRect":true,"strictFileInteractability":false,"timeouts":{"implicit":0,"pageLoad":300000,"script":30000},"unhandledPromptBehavior":"dismiss and notify","webauthn:extension:credBlob":true,"webauthn:extension:largeBlob":true,"webauthn:extension:minPinLength":true,"webauthn:extension:prf":true,"webauthn:virtualAuthenticators":true},"sessionId":"9c294f6b80ac4a511cb022c77f460bdb"}} | headers=HTTPHeaderDict({'Content-Length': '889', 'Content-Type': 'application/json; charset=utf-8', 'cache-control': 'no-cache'})</msg>
<msg time="2024-04-24T14:55:20.761047" level="DEBUG">Finished Request</msg>
<msg time="2024-04-24T14:55:20.761166" level="DEBUG">POST http://localhost:63814/session/9c294f6b80ac4a511cb022c77f460bdb/timeouts {'script': 5000}</msg>
<msg time="2024-04-24T14:55:20.761793" level="DEBUG">http://localhost:63814 "POST /session/9c294f6b80ac4a511cb022c77f460bdb/timeouts HTTP/1.1" 200 0</msg>
<msg time="2024-04-24T14:55:20.761830" level="DEBUG">Remote response: status=200 | data={"value":null} | headers=HTTPHeaderDict({'Content-Length': '14', 'Content-Type': 'application/json; charset=utf-8', 'cache-control': 'no-cache'})</msg>
<msg time="2024-04-24T14:55:20.761854" level="DEBUG">Finished Request</msg>
<msg time="2024-04-24T14:55:20.761890" level="DEBUG">POST http://localhost:63814/session/9c294f6b80ac4a511cb022c77f460bdb/timeouts {'implicit': 0}</msg>
<msg time="2024-04-24T14:55:20.762291" level="DEBUG">http://localhost:63814 "POST /session/9c294f6b80ac4a511cb022c77f460bdb/timeouts HTTP/1.1" 200 0</msg>
<msg time="2024-04-24T14:55:20.762322" level="DEBUG">Remote response: status=200 | data={"value":null} | headers=HTTPHeaderDict({'Content-Length': '14', 'Content-Type': 'application/json; charset=utf-8', 'cache-control': 'no-cache'})</msg>
<msg time="2024-04-24T14:55:20.762342" level="DEBUG">Finished Request</msg>
<msg time="2024-04-24T14:55:20.762373" level="DEBUG">POST http://localhost:63814/session/9c294f6b80ac4a511cb022c77f460bdb/timeouts {'pageLoad': 300000}</msg>
<msg time="2024-04-24T14:55:20.762948" level="DEBUG">http://localhost:63814 "POST /session/9c294f6b80ac4a511cb022c77f460bdb/timeouts HTTP/1.1" 200 0</msg>
<msg time="2024-04-24T14:55:20.762984" level="DEBUG">Remote response: status=200 | data={"value":null} | headers=HTTPHeaderDict({'Content-Length': '14', 'Content-Type': 'application/json; charset=utf-8', 'cache-control': 'no-cache'})</msg>
<msg time="2024-04-24T14:55:20.763004" level="DEBUG">Finished Request</msg>
<msg time="2024-04-24T14:55:20.763061" level="DEBUG">POST http://localhost:63814/session/9c294f6b80ac4a511cb022c77f460bdb/url {'url': 'https://www.ggbg.bg/bg/'}</msg>
<msg time="2024-04-24T14:55:21.095844" level="DEBUG">http://localhost:63814 "POST /session/9c294f6b80ac4a511cb022c77f460bdb/url HTTP/1.1" 200 0</msg>
<msg time="2024-04-24T14:55:21.095920" level="DEBUG">Remote response: status=200 | data={"value":null} | headers=HTTPHeaderDict({'Content-Length': '14', 'Content-Type': 'application/json; charset=utf-8', 'cache-control': 'no-cache'})</msg>
<msg time="2024-04-24T14:55:21.095954" level="DEBUG">Finished Request</msg>
<msg time="2024-04-24T14:55:21.096014" level="DEBUG">Opened browser with session id 9c294f6b80ac4a511cb022c77f460bdb.</msg>
<msg time="2024-04-24T14:55:21.096089" level="TRACE">Return: 1</msg>
<arg>${ggbg-home-page}</arg>
<arg>${browser}</arg>
<doc>Opens a new browser instance to the optional ``url``.</doc>
<status status="PASS" start="2024-04-24T14:55:20.128313" elapsed="0.967838"/>
</kw>
<kw name="does socials redirect" owner="Socials">
<msg time="2024-04-24T14:55:21.097008" level="TRACE">Arguments: [  ]</msg>
<kw name="Click Element" owner="SeleniumLibrary">
<msg time="2024-04-24T14:55:21.097347" level="TRACE">Arguments: [ "xpath://ul[@class='topnav social-icons sc--clean']" ]</msg>
<msg time="2024-04-24T14:55:21.097413" level="INFO">Clicking element 'xpath://ul[@class='topnav social-icons sc--clean']'.</msg>
<msg time="2024-04-24T14:55:21.097556" level="DEBUG">POST http://localhost:63814/session/9c294f6b80ac4a511cb022c77f460bdb/elements {'using': 'xpath', 'value': "//ul[@class='topnav social-icons sc--clean']"}</msg>
<msg time="2024-04-24T14:55:21.104876" level="DEBUG">http://localhost:63814 "POST /session/9c294f6b80ac4a511cb022c77f460bdb/elements HTTP/1.1" 200 0</msg>
<msg time="2024-04-24T14:55:21.104945" level="DEBUG">Remote response: status=200 | data={"value":[{"element-6066-11e4-a52e-4f735466cecf":"f.D1CD4F9D0FDA0B49A24CB126158E2F3B.d.8A091598F6B05EEB20FAD93A518AB87E.e.221"}]} | headers=HTTPHeaderDict({'Content-Length': '129', 'Content-Type': 'application/json; charset=utf-8', 'cache-control': 'no-cache'})</msg>
<msg time="2024-04-24T14:55:21.104978" level="DEBUG">Finished Request</msg>
<msg time="2024-04-24T14:55:21.105043" level="DEBUG">POST http://localhost:63814/session/9c294f6b80ac4a511cb022c77f460bdb/element/f.D1CD4F9D0FDA0B49A24CB126158E2F3B.d.8A091598F6B05EEB20FAD93A518AB87E.e.221/click {}</msg>
<msg time="2024-04-24T14:55:21.138412" level="DEBUG">http://localhost:63814 "POST /session/9c294f6b80ac4a511cb022c77f460bdb/element/f.D1CD4F9D0FDA0B49A24CB126158E2F3B.d.8A091598F6B05EEB20FAD93A518AB87E.e.221/click HTTP/1.1" 200 0</msg>
<msg time="2024-04-24T14:55:21.138796" level="DEBUG">Remote response: status=200 | data={"value":null} | headers=HTTPHeaderDict({'Content-Length': '14', 'Content-Type': 'application/json; charset=utf-8', 'cache-control': 'no-cache'})</msg>
<msg time="2024-04-24T14:55:21.138838" level="DEBUG">Finished Request</msg>
<msg time="2024-04-24T14:55:21.138894" level="TRACE">Return: None</msg>
<arg>${facebookPageButton}</arg>
<doc>Click the element identified by ``locator``.</doc>
<status status="PASS" start="2024-04-24T14:55:21.097155" elapsed="0.041767"/>
</kw>
<kw name="Get Window Handles" owner="SeleniumLibrary">
<msg time="2024-04-24T14:55:21.139185" level="TRACE">Arguments: [  ]</msg>
<msg time="2024-04-24T14:55:21.139283" level="DEBUG">GET http://localhost:63814/session/9c294f6b80ac4a511cb022c77f460bdb/window/handles {}</msg>
<msg time="2024-04-24T14:55:21.142950" level="DEBUG">http://localhost:63814 "GET /session/9c294f6b80ac4a511cb022c77f460bdb/window/handles HTTP/1.1" 200 0</msg>
<msg time="2024-04-24T14:55:21.143009" level="DEBUG">Remote response: status=200 | data={"value":["D1CD4F9D0FDA0B49A24CB126158E2F3B","31195A0BC5CF5F67AD24AA2566577E9C"]} | headers=HTTPHeaderDict({'Content-Length': '81', 'Content-Type': 'application/json; charset=utf-8', 'cache-control': 'no-cache'})</msg>
<msg time="2024-04-24T14:55:21.143039" level="DEBUG">Finished Request</msg>
<msg time="2024-04-24T14:55:21.143067" level="TRACE">Return: ['D1CD4F9D0FDA0B49A24CB126158E2F3B', '31195A0BC5CF5F67AD24AA2566577E9C']</msg>
<msg time="2024-04-24T14:55:21.143135" level="INFO">@{windows-handles} = [ D1CD4F9D0FDA0B49A24CB126158E2F3B | 31195A0BC5CF5F67AD24AA2566577E9C ]</msg>
<var>@{windows-handles}</var>
<doc>Returns all child window handles of the selected browser as a list.</doc>
<status status="PASS" start="2024-04-24T14:55:21.139130" elapsed="0.004016"/>
</kw>
<kw name="Switch Window" owner="SeleniumLibrary">
<msg time="2024-04-24T14:55:21.143319" level="TRACE">Arguments: [ 'D1CD4F9D0FDA0B49A24CB126158E2F3B' ]</msg>
<msg time="2024-04-24T14:55:21.143378" level="DEBUG">GET http://localhost:63814/session/9c294f6b80ac4a511cb022c77f460bdb/window {}</msg>
<msg time="2024-04-24T14:55:21.143729" level="DEBUG">http://localhost:63814 "GET /session/9c294f6b80ac4a511cb022c77f460bdb/window HTTP/1.1" 200 0</msg>
<msg time="2024-04-24T14:55:21.143776" level="DEBUG">Remote response: status=200 | data={"value":"D1CD4F9D0FDA0B49A24CB126158E2F3B"} | headers=HTTPHeaderDict({'Content-Length': '44', 'Content-Type': 'application/json; charset=utf-8', 'cache-control': 'no-cache'})</msg>
<msg time="2024-04-24T14:55:21.143804" level="DEBUG">Finished Request</msg>
<msg time="2024-04-24T14:55:21.143843" level="DEBUG">GET http://localhost:63814/session/9c294f6b80ac4a511cb022c77f460bdb/window {}</msg>
<msg time="2024-04-24T14:55:21.144137" level="DEBUG">http://localhost:63814 "GET /session/9c294f6b80ac4a511cb022c77f460bdb/window HTTP/1.1" 200 0</msg>
<msg time="2024-04-24T14:55:21.144170" level="DEBUG">Remote response: status=200 | data={"value":"D1CD4F9D0FDA0B49A24CB126158E2F3B"} | headers=HTTPHeaderDict({'Content-Length': '44', 'Content-Type': 'application/json; charset=utf-8', 'cache-control': 'no-cache'})</msg>
<msg time="2024-04-24T14:55:21.144192" level="DEBUG">Finished Request</msg>
<msg time="2024-04-24T14:55:21.144222" level="DEBUG">GET http://localhost:63814/session/9c294f6b80ac4a511cb022c77f460bdb/window/handles {}</msg>
<msg time="2024-04-24T14:55:21.144682" level="DEBUG">http://localhost:63814 "GET /session/9c294f6b80ac4a511cb022c77f460bdb/window/handles HTTP/1.1" 200 0</msg>
<msg time="2024-04-24T14:55:21.144713" level="DEBUG">Remote response: status=200 | data={"value":["D1CD4F9D0FDA0B49A24CB126158E2F3B","31195A0BC5CF5F67AD24AA2566577E9C"]} | headers=HTTPHeaderDict({'Content-Length': '81', 'Content-Type': 'application/json; charset=utf-8', 'cache-control': 'no-cache'})</msg>
<msg time="2024-04-24T14:55:21.144736" level="DEBUG">Finished Request</msg>
<msg time="2024-04-24T14:55:21.144788" level="DEBUG">POST http://localhost:63814/session/9c294f6b80ac4a511cb022c77f460bdb/window {'handle': 'D1CD4F9D0FDA0B49A24CB126158E2F3B'}</msg>
<msg time="2024-04-24T14:55:21.149074" level="DEBUG">http://localhost:63814 "POST /session/9c294f6b80ac4a511cb022c77f460bdb/window HTTP/1.1" 200 0</msg>
<msg time="2024-04-24T14:55:21.149140" level="DEBUG">Remote response: status=200 | data={"value":null} | headers=HTTPHeaderDict({'Content-Length': '14', 'Content-Type': 'application/json; charset=utf-8', 'cache-control': 'no-cache'})</msg>
<msg time="2024-04-24T14:55:21.149171" level="DEBUG">Finished Request</msg>
<msg time="2024-04-24T14:55:21.149201" level="TRACE">Return: 'D1CD4F9D0FDA0B49A24CB126158E2F3B'</msg>
<arg>${windows-handles}[0]</arg>
<doc>Switches to browser window matching ``locator``.</doc>
<status status="PASS" start="2024-04-24T14:55:21.143242" elapsed="0.005981"/>
</kw>
<kw name="Wait Until Element Is Visible" owner="SeleniumLibrary">
<msg time="2024-04-24T14:55:21.149439" level="TRACE">Arguments: [ "xpath://h1[@id='logo']" ]</msg>
<msg time="2024-04-24T14:55:21.149626" level="DEBUG">POST http://localhost:63814/session/9c294f6b80ac4a511cb022c77f460bdb/elements {'using': 'xpath', 'value': "//h1[@id='logo']"}</msg>
<msg time="2024-04-24T14:55:21.159519" level="DEBUG">http://localhost:63814 "POST /session/9c294f6b80ac4a511cb022c77f460bdb/elements HTTP/1.1" 200 0</msg>
<msg time="2024-04-24T14:55:21.159594" level="DEBUG">Remote response: status=200 | data={"value":[{"element-6066-11e4-a52e-4f735466cecf":"f.D1CD4F9D0FDA0B49A24CB126158E2F3B.d.8A091598F6B05EEB20FAD93A518AB87E.e.183"}]} | headers=HTTPHeaderDict({'Content-Length': '129', 'Content-Type': 'application/json; charset=utf-8', 'cache-control': 'no-cache'})</msg>
<msg time="2024-04-24T14:55:21.159631" level="DEBUG">Finished Request</msg>
<msg time="2024-04-24T14:55:21.160303" level="DEBUG">POST http://localhost:63814/session/9c294f6b80ac4a511cb022c77f460bdb/execute/sync {'script': '/* isDisplayed */return (function(){return (function(){var g=this||self;\nfunction aa(a){var b=typeof...', 'args': [{'element-6066-11e4-a52e-4f735466cecf': 'f.D1CD4F9D0FDA0B49A24CB126158E2F3B.d.8A091598F6B05EEB20FAD93A518AB87E.e.183'}]}</msg>
<msg time="2024-04-24T14:55:21.164866" level="DEBUG">http://localhost:63814 "POST /session/9c294f6b80ac4a511cb022c77f460bdb/execute/sync HTTP/1.1" 200 0</msg>
<msg time="2024-04-24T14:55:21.164929" level="DEBUG">Remote response: status=200 | data={"value":true} | headers=HTTPHeaderDict({'Content-Length': '14', 'Content-Type': 'application/json; charset=utf-8', 'cache-control': 'no-cache'})</msg>
<msg time="2024-04-24T14:55:21.164958" level="DEBUG">Finished Request</msg>
<msg time="2024-04-24T14:55:21.164987" level="TRACE">Return: None</msg>
<arg>${ggbglogoelement}</arg>
<doc>Waits until the element ``locator`` is visible.</doc>
<status status="PASS" start="2024-04-24T14:55:21.149330" elapsed="0.015679"/>
</kw>
<kw name="Title Should Be" owner="SeleniumLibrary">
<msg time="2024-04-24T14:55:21.165182" level="TRACE">Arguments: [ 'GGBG.bg - Tранспорт и доставка на покупки и пратки от онлайн магазини в Англия, Германия, Испания и САЩ до България' ]</msg>
<msg time="2024-04-24T14:55:21.165249" level="DEBUG">GET http://localhost:63814/session/9c294f6b80ac4a511cb022c77f460bdb/title {}</msg>
<msg time="2024-04-24T14:55:21.166883" level="DEBUG">http://localhost:63814 "GET /session/9c294f6b80ac4a511cb022c77f460bdb/title HTTP/1.1" 200 0</msg>
<msg time="2024-04-24T14:55:21.166948" level="DEBUG">Remote response: status=200 | data={"value":"GGBG.bg - Tранспорт и доставка на покупки и пратки от онлайн магазини в Англия, Германия, Испания и САЩ до България"} | headers=HTTPHeaderDict({'Content-Length': '212', 'Content-Type': 'application/json; charset=utf-8', 'cache-control': 'no-cache'})</msg>
<msg time="2024-04-24T14:55:21.167030" level="DEBUG">Finished Request</msg>
<msg time="2024-04-24T14:55:21.167052" level="INFO">Page title is 'GGBG.bg - Tранспорт и доставка на покупки и пратки от онлайн магазини в Англия, Германия, Испания и САЩ до България'.</msg>
<msg time="2024-04-24T14:55:21.167072" level="TRACE">Return: None</msg>
<arg>${ggbg-window-title}</arg>
<doc>Verifies that the current page title equals ``title``.</doc>
<status status="PASS" start="2024-04-24T14:55:21.165103" elapsed="0.001989"/>
</kw>
<kw name="Switch Window" owner="SeleniumLibrary">
<msg time="2024-04-24T14:55:21.167270" level="TRACE">Arguments: [ '31195A0BC5CF5F67AD24AA2566577E9C' ]</msg>
<msg time="2024-04-24T14:55:21.167329" level="DEBUG">GET http://localhost:63814/session/9c294f6b80ac4a511cb022c77f460bdb/window {}</msg>
<msg time="2024-04-24T14:55:21.167682" level="DEBUG">http://localhost:63814 "GET /session/9c294f6b80ac4a511cb022c77f460bdb/window HTTP/1.1" 200 0</msg>
<msg time="2024-04-24T14:55:21.167729" level="DEBUG">Remote response: status=200 | data={"value":"D1CD4F9D0FDA0B49A24CB126158E2F3B"} | headers=HTTPHeaderDict({'Content-Length': '44', 'Content-Type': 'application/json; charset=utf-8', 'cache-control': 'no-cache'})</msg>
<msg time="2024-04-24T14:55:21.167754" level="DEBUG">Finished Request</msg>
<msg time="2024-04-24T14:55:21.167803" level="DEBUG">GET http://localhost:63814/session/9c294f6b80ac4a511cb022c77f460bdb/window {}</msg>
<msg time="2024-04-24T14:55:21.168104" level="DEBUG">http://localhost:63814 "GET /session/9c294f6b80ac4a511cb022c77f460bdb/window HTTP/1.1" 200 0</msg>
<msg time="2024-04-24T14:55:21.168138" level="DEBUG">Remote response: status=200 | data={"value":"D1CD4F9D0FDA0B49A24CB126158E2F3B"} | headers=HTTPHeaderDict({'Content-Length': '44', 'Content-Type': 'application/json; charset=utf-8', 'cache-control': 'no-cache'})</msg>
<msg time="2024-04-24T14:55:21.168159" level="DEBUG">Finished Request</msg>
<msg time="2024-04-24T14:55:21.168189" level="DEBUG">GET http://localhost:63814/session/9c294f6b80ac4a511cb022c77f460bdb/window/handles {}</msg>
<msg time="2024-04-24T14:55:21.168597" level="DEBUG">http://localhost:63814 "GET /session/9c294f6b80ac4a511cb022c77f460bdb/window/handles HTTP/1.1" 200 0</msg>
<msg time="2024-04-24T14:55:21.168624" level="DEBUG">Remote response: status=200 | data={"value":["D1CD4F9D0FDA0B49A24CB126158E2F3B","31195A0BC5CF5F67AD24AA2566577E9C"]} | headers=HTTPHeaderDict({'Content-Length': '81', 'Content-Type': 'application/json; charset=utf-8', 'cache-control': 'no-cache'})</msg>
<msg time="2024-04-24T14:55:21.168644" level="DEBUG">Finished Request</msg>
<msg time="2024-04-24T14:55:21.168692" level="DEBUG">POST http://localhost:63814/session/9c294f6b80ac4a511cb022c77f460bdb/window {'handle': 'D1CD4F9D0FDA0B49A24CB126158E2F3B'}</msg>
<msg time="2024-04-24T14:55:21.169973" level="DEBUG">http://localhost:63814 "POST /session/9c294f6b80ac4a511cb022c77f460bdb/window HTTP/1.1" 200 0</msg>
<msg time="2024-04-24T14:55:21.170015" level="DEBUG">Remote response: status=200 | data={"value":null} | headers=HTTPHeaderDict({'Content-Length': '14', 'Content-Type': 'application/json; charset=utf-8', 'cache-control': 'no-cache'})</msg>
<msg time="2024-04-24T14:55:21.170038" level="DEBUG">Finished Request</msg>
<msg time="2024-04-24T14:55:21.170082" level="DEBUG">POST http://localhost:63814/session/9c294f6b80ac4a511cb022c77f460bdb/execute/sync {'script': 'return [ window.id, window.name ];', 'args': []}</msg>
<msg time="2024-04-24T14:55:21.171991" level="DEBUG">http://localhost:63814 "POST /session/9c294f6b80ac4a511cb022c77f460bdb/execute/sync HTTP/1.1" 200 0</msg>
<msg time="2024-04-24T14:55:21.172053" level="DEBUG">Remote response: status=200 | data={"value":[null,""]} | headers=HTTPHeaderDict({'Content-Length': '19', 'Content-Type': 'application/json; charset=utf-8', 'cache-control': 'no-cache'})</msg>
<msg time="2024-04-24T14:55:21.172085" level="DEBUG">Finished Request</msg>
<msg time="2024-04-24T14:55:21.172138" level="DEBUG">GET http://localhost:63814/session/9c294f6b80ac4a511cb022c77f460bdb/window {}</msg>
<msg time="2024-04-24T14:55:21.172487" level="DEBUG">http://localhost:63814 "GET /session/9c294f6b80ac4a511cb022c77f460bdb/window HTTP/1.1" 200 0</msg>
<msg time="2024-04-24T14:55:21.172522" level="DEBUG">Remote response: status=200 | data={"value":"D1CD4F9D0FDA0B49A24CB126158E2F3B"} | headers=HTTPHeaderDict({'Content-Length': '44', 'Content-Type': 'application/json; charset=utf-8', 'cache-control': 'no-cache'})</msg>
<msg time="2024-04-24T14:55:21.172543" level="DEBUG">Finished Request</msg>
<msg time="2024-04-24T14:55:21.172571" level="DEBUG">GET http://localhost:63814/session/9c294f6b80ac4a511cb022c77f460bdb/title {}</msg>
<msg time="2024-04-24T14:55:21.174038" level="DEBUG">http://localhost:63814 "GET /session/9c294f6b80ac4a511cb022c77f460bdb/title HTTP/1.1" 200 0</msg>
<msg time="2024-04-24T14:55:21.174078" level="DEBUG">Remote response: status=200 | data={"value":"GGBG.bg - Tранспорт и доставка на покупки и пратки от онлайн магазини в Англия, Германия, Испания и САЩ до България"} | headers=HTTPHeaderDict({'Content-Length': '212', 'Content-Type': 'application/json; charset=utf-8', 'cache-control': 'no-cache'})</msg>
<msg time="2024-04-24T14:55:21.174108" level="DEBUG">Finished Request</msg>
<msg time="2024-04-24T14:55:21.174142" level="DEBUG">GET http://localhost:63814/session/9c294f6b80ac4a511cb022c77f460bdb/url {}</msg>
<msg time="2024-04-24T14:55:21.175796" level="DEBUG">http://localhost:63814 "GET /session/9c294f6b80ac4a511cb022c77f460bdb/url HTTP/1.1" 200 0</msg>
<msg time="2024-04-24T14:55:21.175828" level="DEBUG">Remote response: status=200 | data={"value":"https://www.ggbg.bg/bg/"} | headers=HTTPHeaderDict({'Content-Length': '35', 'Content-Type': 'application/json; charset=utf-8', 'cache-control': 'no-cache'})</msg>
<msg time="2024-04-24T14:55:21.175849" level="DEBUG">Finished Request</msg>
<msg time="2024-04-24T14:55:21.175885" level="DEBUG">POST http://localhost:63814/session/9c294f6b80ac4a511cb022c77f460bdb/window {'handle': '31195A0BC5CF5F67AD24AA2566577E9C'}</msg>
<msg time="2024-04-24T14:55:21.179584" level="DEBUG">http://localhost:63814 "POST /session/9c294f6b80ac4a511cb022c77f460bdb/window HTTP/1.1" 200 0</msg>
<msg time="2024-04-24T14:55:21.179639" level="DEBUG">Remote response: status=200 | data={"value":null} | headers=HTTPHeaderDict({'Content-Length': '14', 'Content-Type': 'application/json; charset=utf-8', 'cache-control': 'no-cache'})</msg>
<msg time="2024-04-24T14:55:21.179669" level="DEBUG">Finished Request</msg>
<msg time="2024-04-24T14:55:21.179699" level="TRACE">Return: 'D1CD4F9D0FDA0B49A24CB126158E2F3B'</msg>
<arg>${windows-handles}[1]</arg>
<doc>Switches to browser window matching ``locator``.</doc>
<status status="PASS" start="2024-04-24T14:55:21.167184" elapsed="0.012536"/>
</kw>
<kw name="Wait Until Element Is Visible" owner="SeleniumLibrary">
<msg time="2024-04-24T14:55:21.179983" level="TRACE">Arguments: [ "xpath://a[@aria-label='Facebook']" ]</msg>
<msg time="2024-04-24T14:55:21.180087" level="DEBUG">POST http://localhost:63814/session/9c294f6b80ac4a511cb022c77f460bdb/elements {'using': 'xpath', 'value': "//a[@aria-label='Facebook']"}</msg>
<msg time="2024-04-24T14:55:22.398288" level="DEBUG">http://localhost:63814 "POST /session/9c294f6b80ac4a511cb022c77f460bdb/elements HTTP/1.1" 200 0</msg>
<msg time="2024-04-24T14:55:22.398404" level="DEBUG">Remote response: status=200 | data={"value":[]} | headers=HTTPHeaderDict({'Content-Length': '12', 'Content-Type': 'application/json; charset=utf-8', 'cache-control': 'no-cache'})</msg>
<msg time="2024-04-24T14:55:22.398456" level="DEBUG">Finished Request</msg>
<msg time="2024-04-24T14:55:22.603622" level="DEBUG">POST http://localhost:63814/session/9c294f6b80ac4a511cb022c77f460bdb/elements {'using': 'xpath', 'value': "//a[@aria-label='Facebook']"}</msg>
<msg time="2024-04-24T14:55:22.608335" level="DEBUG">http://localhost:63814 "POST /session/9c294f6b80ac4a511cb022c77f460bdb/elements HTTP/1.1" 200 0</msg>
<msg time="2024-04-24T14:55:22.608498" level="DEBUG">Remote response: status=200 | data={"value":[{"element-6066-11e4-a52e-4f735466cecf":"f.31195A0BC5CF5F67AD24AA2566577E9C.d.F5A3743AF6A414DDFCDCC413BE0365FD.e.458"}]} | headers=HTTPHeaderDict({'Content-Length': '129', 'Content-Type': 'application/json; charset=utf-8', 'cache-control': 'no-cache'})</msg>
<msg time="2024-04-24T14:55:22.608539" level="DEBUG">Finished Request</msg>
<msg time="2024-04-24T14:55:22.608648" level="DEBUG">POST http://localhost:63814/session/9c294f6b80ac4a511cb022c77f460bdb/execute/sync {'script': '/* isDisplayed */return (function(){return (function(){var g=this||self;\nfunction aa(a){var b=typeof...', 'args': [{'element-6066-11e4-a52e-4f735466cecf': 'f.31195A0BC5CF5F67AD24AA2566577E9C.d.F5A3743AF6A414DDFCDCC413BE0365FD.e.458'}]}</msg>
<msg time="2024-04-24T14:55:22.613354" level="DEBUG">http://localhost:63814 "POST /session/9c294f6b80ac4a511cb022c77f460bdb/execute/sync HTTP/1.1" 200 0</msg>
<msg time="2024-04-24T14:55:22.613410" level="DEBUG">Remote response: status=200 | data={"value":true} | headers=HTTPHeaderDict({'Content-Length': '14', 'Content-Type': 'application/json; charset=utf-8', 'cache-control': 'no-cache'})</msg>
<msg time="2024-04-24T14:55:22.613438" level="DEBUG">Finished Request</msg>
<msg time="2024-04-24T14:55:22.613467" level="TRACE">Return: None</msg>
<arg>${facebookLogo}</arg>
<doc>Waits until the element ``locator`` is visible.</doc>
<status status="PASS" start="2024-04-24T14:55:21.179854" elapsed="1.433635"/>
</kw>
<kw name="Location Should Be" owner="SeleniumLibrary">
<msg time="2024-04-24T14:55:22.613663" level="TRACE">Arguments: [ 'https://www.facebook.com/ggbg.bg1/' ]</msg>
<msg time="2024-04-24T14:55:22.613722" level="DEBUG">GET http://localhost:63814/session/9c294f6b80ac4a511cb022c77f460bdb/url {}</msg>
<msg time="2024-04-24T14:55:22.615899" level="DEBUG">http://localhost:63814 "GET /session/9c294f6b80ac4a511cb022c77f460bdb/url HTTP/1.1" 200 0</msg>
<msg time="2024-04-24T14:55:22.615951" level="DEBUG">Remote response: status=200 | data={"value":"https://www.facebook.com/ggbg.bg1/"} | headers=HTTPHeaderDict({'Content-Length': '46', 'Content-Type': 'application/json; charset=utf-8', 'cache-control': 'no-cache'})</msg>
<msg time="2024-04-24T14:55:22.615979" level="DEBUG">Finished Request</msg>
<msg time="2024-04-24T14:55:22.615997" level="INFO">Current location is 'https://www.facebook.com/ggbg.bg1/'.</msg>
<msg time="2024-04-24T14:55:22.616012" level="TRACE">Return: None</msg>
<arg>${ggbg-facebook-page}</arg>
<doc>Verifies that the current URL is exactly ``url``.</doc>
<status status="PASS" start="2024-04-24T14:55:22.613585" elapsed="0.002444"/>
</kw>
<msg time="2024-04-24T14:55:22.616080" level="TRACE">Return: None</msg>
<status status="PASS" start="2024-04-24T14:55:21.096820" elapsed="1.519274"/>
</kw>
<doc>This is a test case where I click on the facebook logo on the top-nav bar, and I should be redirected to the facebook page of GGBG</doc>
<tag>ggbg</tag>
<tag>home</tag>
<status status="PASS" start="2024-04-24T14:55:20.127769" elapsed="2.488437"/>
</test>
<status status="PASS" start="2024-04-24T14:55:20.078320" elapsed="2.538232"/>
</suite>
<status status="PASS" start="2024-04-24T14:55:20.067960" elapsed="2.548885"/>
</suite>
<statistics>
<total>
<stat pass="1" fail="0" skip="0">All Tests</stat>
</total>
<tag>
<stat pass="1" fail="0" skip="0">ggbg</stat>
<stat pass="1" fail="0" skip="0">home</stat>
</tag>
<suite>
<stat pass="1" fail="0" skip="0" id="s1" name="Tests">Tests</stat>
<stat pass="1" fail="0" skip="0" id="s1-s1" name="TestSuite">Tests.TestSuite</stat>
</suite>
</statistics>
<errors>
</errors>
</robot>
